<?xml version="1.0" encoding="UTF-8"?>
<testng-results skipped="0" failed="0" ignored="0" total="3" passed="3">
  <reporter-output>
  </reporter-output>
  <suite name="Default suite" duration-ms="32040" started-at="2022-02-11T23:11:16 IST" finished-at="2022-02-11T23:11:48 IST">
    <groups>
    </groups>
    <test name="Default test" duration-ms="32040" started-at="2022-02-11T23:11:16 IST" finished-at="2022-02-11T23:11:48 IST">
      <class name="com.Exel.ExelWithDp">
        <test-method status="PASS" signature="test01(java.lang.String,java.lang.String)[pri:0, instance:com.Exel.ExelWithDp@1877ab81]" name="test01" duration-ms="14964" started-at="2022-02-11T23:11:17 IST" data-provider="getLoginData" finished-at="2022-02-11T23:11:32 IST">
          <params>
            <param index="0">
              <value>
                <![CDATA[kiran@gmail.com]]>
              </value>
            </param>
            <param index="1">
              <value>
                <![CDATA[123456]]>
              </value>
            </param>
          </params>
          <reporter-output>
          </reporter-output>
        </test-method> <!-- test01 -->
        <test-method status="PASS" signature="test01(java.lang.String,java.lang.String)[pri:0, instance:com.Exel.ExelWithDp@1877ab81]" name="test01" duration-ms="9214" started-at="2022-02-11T23:11:32 IST" data-provider="getLoginData" finished-at="2022-02-11T23:11:41 IST">
          <params>
            <param index="0">
              <value>
                <![CDATA[Mangesh@gmail.com]]>
              </value>
            </param>
            <param index="1">
              <value>
                <![CDATA[123456]]>
              </value>
            </param>
          </params>
          <reporter-output>
          </reporter-output>
        </test-method> <!-- test01 -->
        <test-method status="PASS" signature="test01(java.lang.String,java.lang.String)[pri:0, instance:com.Exel.ExelWithDp@1877ab81]" name="test01" duration-ms="6705" started-at="2022-02-11T23:11:41 IST" data-provider="getLoginData" finished-at="2022-02-11T23:11:48 IST">
          <params>
            <param index="0">
              <value>
                <![CDATA[Asha@gmail.com]]>
              </value>
            </param>
            <param index="1">
              <value>
                <![CDATA[987654]]>
              </value>
            </param>
          </params>
          <reporter-output>
          </reporter-output>
        </test-method> <!-- test01 -->
      </class> <!-- com.Exel.ExelWithDp -->
    </test> <!-- Default test -->
  </suite> <!-- Default suite -->
</testng-results>
