<?xml version="1.0" encoding="UTF-8"?>
<!-- Generated by org.testng.reporters.JUnitXMLReporter -->
<testsuite hostname="DESKTOP-8NUBRSJ" ignored="0" name="Default test" tests="3" failures="0" timestamp="2022-02-11T23:11:48 IST" time="32.04" errors="0">
  <testcase name="test01" time="14.964" classname="com.Exel.ExelWithDp"/>
  <testcase name="test01" time="9.214" classname="com.Exel.ExelWithDp"/>
  <testcase name="test01" time="6.705" classname="com.Exel.ExelWithDp"/>
</testsuite> <!-- Default test -->
